<?xml version="1.0" encoding="UTF-8"?>
<!-- Generated by org.testng.reporters.JUnitReportReporter -->
<testsuite hostname="LAPTOP-0K6BES4B" failures="0" tests="4" name="Vtiger.practice.TestNGPractice" time="0.013" errors="0" timestamp="2023-08-24T19:02:12 IST" skipped="0">
  <testcase classname="Vtiger.practice.TestNGPractice" name="deleteCustomer" time="0.003"/>
  <system-out/>
  <testcase classname="Vtiger.practice.TestNGPractice" name="ModifyCustomer" time="0.004"/>
  <system-out/>
  <testcase classname="Vtiger.practice.TestNGPractice" name="CreateCustomer" time="0.003"/>
  <system-out/>
  <testcase classname="Vtiger.practice.TestNGPractice" name="CreateCustomer" time="0.003"/>
  <system-out/>
</testsuite> <!-- Vtiger.practice.TestNGPractice -->
