<?xml version="1.0" encoding="UTF-8"?>
<!-- Generated by org.testng.reporters.JUnitReportReporter -->
<testsuite hostname="LAPTOP-0K6BES4B" failures="0" tests="5" name="Vtiger.practice.automaationdataprovider" time="0.030" errors="0" timestamp="2023-08-23T21:34:22 IST" skipped="0">
  <testcase classname="Vtiger.practice.automaationdataprovider" name="addProductToCart" time="0.015"/>
  <system-out/>
  <testcase classname="Vtiger.practice.automaationdataprovider" name="addProductToCart" time="0.004"/>
  <system-out/>
  <testcase classname="Vtiger.practice.automaationdataprovider" name="addProductToCart1" time="0.005"/>
  <system-out/>
  <testcase classname="Vtiger.practice.automaationdataprovider" name="addProductToCart1" time="0.003"/>
  <system-out/>
  <testcase classname="Vtiger.practice.automaationdataprovider" name="addProductToCart1" time="0.003"/>
  <system-out/>
</testsuite> <!-- Vtiger.practice.automaationdataprovider -->
