<?xml version="1.0" encoding="UTF-8"?>
<!-- Generated by org.testng.reporters.JUnitReportReporter -->
<testsuite hostname="LAPTOP-0K6BES4B" failures="0" tests="1" name="Vtiger.Organizationteast.CreateMultipleOrgWithIndustry" time="0.000" errors="0" timestamp="2023-08-23T21:47:25 IST" skipped="1">
  <testcase classname="Vtiger.Organizationteast.CreateMultipleOrgWithIndustry" name="createMultipleOrg" time="0.000">
    <skipped/>
  </testcase> <!-- createMultipleOrg -->
  <system-out/>
</testsuite> <!-- Vtiger.Organizationteast.CreateMultipleOrgWithIndustry -->
