<?xml version="1.0" encoding="UTF-8"?>
<!-- Generated by org.testng.reporters.JUnitReportReporter -->
<testsuite hostname="LAPTOP-0K6BES4B" failures="0" tests="1" name="Vtiger.practice.TestNGPractice$test" time="0.009" errors="0" timestamp="2023-08-21T21:05:02 IST" skipped="0">
  <testcase classname="Vtiger.practice.TestNGPractice$test" name="testNGPractice" time="0.009"/>
  <system-out/>
</testsuite> <!-- Vtiger.practice.TestNGPractice$test -->
