<?xml version="1.0" encoding="UTF-8"?>
<!-- Generated by org.testng.reporters.JUnitReportReporter -->
<testsuite hostname="LAPTOP-0K6BES4B" failures="0" tests="1" name="Vtiger.Organizationteast.createorgwithindustryusingguwithPomclassTest" time="16.402" errors="0" timestamp="2023-08-29T15:41:29 IST" skipped="0">
  <testcase classname="Vtiger.Organizationteast.createorgwithindustryusingguwithPomclassTest" name="createorgwithindustry" time="16.402"/>
  <system-out/>
</testsuite> <!-- Vtiger.Organizationteast.createorgwithindustryusingguwithPomclassTest -->
