<?xml version="1.0" encoding="UTF-8"?>
<!-- Generated by org.testng.reporters.JUnitReportReporter -->
<testsuite hostname="LAPTOP-0K6BES4B" failures="0" tests="1" name="Vtiger.practice.baseclasspractice" time="0.014" errors="0" timestamp="2023-09-05T07:37:24 IST" skipped="0">
  <testcase classname="Vtiger.practice.baseclasspractice" name="test" time="0.014"/>
  <system-out/>
</testsuite> <!-- Vtiger.practice.baseclasspractice -->
